Looking for electric field correction file 303torr_45kv_d2_correction.h5...
Correction data found. Loading... Loaded.
Running phase 1 on file /mnt/analysis/argonne2023/a2091/h5/run_0043.h5 for events 0 to 40822
Percent of data processed: 1%Percent of data processed: 2%Percent of data processed: 3%Percent of data processed: 4%Percent of data processed: 5%Percent of data processed: 6%Percent of data processed: 7%Percent of data processed: 8%Percent of data processed: 9%Percent of data processed: 10%Percent of data processed: 11%Percent of data processed: 12%Percent of data processed: 13%Percent of data processed: 14%Percent of data processed: 15%Percent of data processed: 16%Percent of data processed: 17%Percent of data processed: 18%Percent of data processed: 19%Percent of data processed: 20%Percent of data processed: 21%Percent of data processed: 22%Percent of data processed: 23%Percent of data processed: 24%Percent of data processed: 25%Percent of data processed: 26%Percent of data processed: 27%Percent of data processed: 28%Percent of data processed: 28%Percent of data processed: 30%Percent of data processed: 31%Percent of data processed: 32%Percent of data processed: 33%Percent of data processed: 34%Percent of data processed: 35%Percent of data processed: 36%Percent of data processed: 37%Percent of data processed: 38%Percent of data processed: 39%Percent of data processed: 40%Percent of data processed: 41%Percent of data processed: 42%Percent of data processed: 43%Percent of data processed: 44%Percent of data processed: 45%Percent of data processed: 46%Percent of data processed: 47%Percent of data processed: 48%Percent of data processed: 49%Percent of data processed: 50%Percent of data processed: 51%Percent of data processed: 52%Percent of data processed: 53%Percent of data processed: 54%Percent of data processed: 55%Percent of data processed: 56%Percent of data processed: 57%Percent of data processed: 57%Percent of data processed: 59%Percent of data processed: 60%Percent of data processed: 61%Percent of data processed: 62%Percent of data processed: 63%Percent of data processed: 64%Percent of data processed: 65%Percent of data processed: 66%Percent of data processed: 67%Percent of data processed: 68%Percent of data processed: 69%Percent of data processed: 70%Percent of data processed: 71%Percent of data processed: 72%Percent of data processed: 73%Percent of data processed: 74%Percent of data processed: 75%Percent of data processed: 76%Percent of data processed: 77%Percent of data processed: 78%Percent of data processed: 79%Percent of data processed: 80%Percent of data processed: 81%Percent of data processed: 82%Percent of data processed: 83%Percent of data processed: 84%Percent of data processed: 85%Percent of data processed: 86%Percent of data processed: 87%Percent of data processed: 88%Percent of data processed: 89%Percent of data processed: 90%Percent of data processed: 91%Percent of data processed: 92%Percent of data processed: 93%Percent of data processed: 94%Percent of data processed: 95%Percent of data processed: 96%Percent of data processed: 97%Percent of data processed: 98%Percent of data processed: 99%
Ellapsed time: 4468.150067567825s
Clustering point clouds in file /mnt/analysis/e20009/a2091_Turi/Workspace/clouds/run_0043.h5 over events 0 to 40822
Percent of data processed: 1%Percent of data processed: 2%Percent of data processed: 3%Percent of data processed: 4%Percent of data processed: 5%Percent of data processed: 6%Percent of data processed: 7%Percent of data processed: 8%Percent of data processed: 9%Percent of data processed: 10%Percent of data processed: 11%Percent of data processed: 12%Percent of data processed: 13%Percent of data processed: 14%Percent of data processed: 15%Percent of data processed: 16%Percent of data processed: 17%Percent of data processed: 18%Percent of data processed: 19%Percent of data processed: 20%Percent of data processed: 21%Percent of data processed: 22%Percent of data processed: 23%Percent of data processed: 24%Percent of data processed: 25%Percent of data processed: 26%Percent of data processed: 27%Percent of data processed: 28%Percent of data processed: 28%Percent of data processed: 30%Percent of data processed: 31%Percent of data processed: 32%Percent of data processed: 33%Percent of data processed: 34%Percent of data processed: 35%Percent of data processed: 36%Percent of data processed: 37%Percent of data processed: 38%Percent of data processed: 39%Percent of data processed: 40%Percent of data processed: 41%Percent of data processed: 42%Percent of data processed: 43%Percent of data processed: 44%Percent of data processed: 45%Percent of data processed: 46%Percent of data processed: 47%Percent of data processed: 48%Percent of data processed: 49%Percent of data processed: 50%Percent of data processed: 51%Percent of data processed: 52%Percent of data processed: 53%Percent of data processed: 54%Percent of data processed: 55%Percent of data processed: 56%Percent of data processed: 57%Percent of data processed: 57%Percent of data processed: 59%Percent of data processed: 60%Percent of data processed: 61%Percent of data processed: 62%Percent of data processed: 63%Percent of data processed: 64%Percent of data processed: 65%Percent of data processed: 66%Percent of data processed: 67%Percent of data processed: 68%Percent of data processed: 69%Percent of data processed: 70%Percent of data processed: 71%Percent of data processed: 72%Percent of data processed: 73%Percent of data processed: 74%Percent of data processed: 75%Percent of data processed: 76%Percent of data processed: 77%Percent of data processed: 78%Percent of data processed: 79%Percent of data processed: 80%Percent of data processed: 81%Percent of data processed: 82%Percent of data processed: 83%Percent of data processed: 84%Percent of data processed: 85%Percent of data processed: 86%Percent of data processed: 87%Percent of data processed: 88%Percent of data processed: 89%Percent of data processed: 90%Percent of data processed: 91%Percent of data processed: 92%Percent of data processed: 93%Percent of data processed: 94%Percent of data processed: 95%Percent of data processed: 96%Percent of data processed: 97%Percent of data processed: 98%Percent of data processed: 99%
Processing complete. Duration: 1256.548986196518s
Running physics estimation on clusters in /mnt/analysis/e20009/a2091_Turi/Workspace/clusters/run_0043.h5 over events 0 to 40822
Percent of data processed: 1%Percent of data processed: 2%Percent of data processed: 3%Percent of data processed: 4%Percent of data processed: 5%Percent of data processed: 6%Percent of data processed: 7%Percent of data processed: 8%Percent of data processed: 9%Percent of data processed: 10%Percent of data processed: 11%Percent of data processed: 12%Percent of data processed: 13%Percent of data processed: 14%Percent of data processed: 15%Percent of data processed: 16%Percent of data processed: 17%Percent of data processed: 18%Percent of data processed: 19%Percent of data processed: 20%Percent of data processed: 21%Percent of data processed: 22%Percent of data processed: 23%Percent of data processed: 24%Percent of data processed: 25%Percent of data processed: 26%Percent of data processed: 27%Percent of data processed: 28%Percent of data processed: 28%Percent of data processed: 30%Percent of data processed: 31%Percent of data processed: 32%Percent of data processed: 33%Percent of data processed: 34%Percent of data processed: 35%Percent of data processed: 36%Percent of data processed: 37%Percent of data processed: 38%Percent of data processed: 39%Percent of data processed: 40%Percent of data processed: 41%Percent of data processed: 42%Percent of data processed: 43%Percent of data processed: 44%Percent of data processed: 45%Percent of data processed: 46%Percent of data processed: 47%Percent of data processed: 48%Percent of data processed: 49%Percent of data processed: 50%Percent of data processed: 51%Percent of data processed: 52%Percent of data processed: 53%Percent of data processed: 54%Percent of data processed: 55%Percent of data processed: 56%Percent of data processed: 57%Percent of data processed: 57%Percent of data processed: 59%Percent of data processed: 60%Percent of data processed: 61%Percent of data processed: 62%Percent of data processed: 63%Percent of data processed: 64%Percent of data processed: 65%Percent of data processed: 66%Percent of data processed: 67%Percent of data processed: 68%Percent of data processed: 69%Percent of data processed: 70%Percent of data processed: 71%Percent of data processed: 72%Percent of data processed: 73%Percent of data processed: 74%Percent of data processed: 75%Percent of data processed: 76%Percent of data processed: 77%Percent of data processed: 78%Percent of data processed: 79%Percent of data processed: 80%Percent of data processed: 81%Percent of data processed: 82%Percent of data processed: 83%Percent of data processed: 84%Percent of data processed: 85%Percent of data processed: 86%Percent of data processed: 87%Percent of data processed: 88%Percent of data processed: 89%Percent of data processed: 90%Percent of data processed: 91%Percent of data processed: 92%Percent of data processed: 93%Percent of data processed: 94%Percent of data processed: 95%Percent of data processed: 96%Percent of data processed: 97%Percent of data processed: 98%Percent of data processed: 99%
Ellapsed time: 349.2465353012085s
Looking for electric field correction file 303torr_45kv_d2_correction.h5...
Correction data found. Loading... Loaded.
Running phase 1 on file /mnt/analysis/argonne2023/a2091/h5/run_0044.h5 for events 0 to 46285
Percent of data processed: 1%Percent of data processed: 2%Percent of data processed: 3%Percent of data processed: 4%Percent of data processed: 5%Percent of data processed: 6%Percent of data processed: 7%Percent of data processed: 8%Percent of data processed: 9%Percent of data processed: 10%Percent of data processed: 11%Percent of data processed: 12%Percent of data processed: 13%Percent of data processed: 14%Percent of data processed: 15%Percent of data processed: 16%Percent of data processed: 17%Percent of data processed: 18%Percent of data processed: 19%Percent of data processed: 20%Percent of data processed: 21%Percent of data processed: 22%Percent of data processed: 23%Percent of data processed: 24%Percent of data processed: 25%Percent of data processed: 26%Percent of data processed: 27%Percent of data processed: 28%Percent of data processed: 28%Percent of data processed: 30%Percent of data processed: 31%Percent of data processed: 32%Percent of data processed: 33%Percent of data processed: 34%Percent of data processed: 35%Percent of data processed: 36%Percent of data processed: 37%Percent of data processed: 38%Percent of data processed: 39%Percent of data processed: 40%Percent of data processed: 41%Percent of data processed: 42%Percent of data processed: 43%Percent of data processed: 44%Percent of data processed: 45%Percent of data processed: 46%Percent of data processed: 47%Percent of data processed: 48%Percent of data processed: 49%Percent of data processed: 50%Percent of data processed: 51%Percent of data processed: 52%Percent of data processed: 53%Percent of data processed: 54%Percent of data processed: 55%Percent of data processed: 56%Percent of data processed: 57%Percent of data processed: 57%Percent of data processed: 59%Percent of data processed: 60%Percent of data processed: 61%Percent of data processed: 62%Percent of data processed: 63%Percent of data processed: 64%Percent of data processed: 65%Percent of data processed: 66%Percent of data processed: 67%Percent of data processed: 68%Percent of data processed: 69%Percent of data processed: 70%Percent of data processed: 71%Percent of data processed: 72%Percent of data processed: 73%Percent of data processed: 74%Percent of data processed: 75%Percent of data processed: 76%Percent of data processed: 77%Percent of data processed: 78%Percent of data processed: 79%Percent of data processed: 80%Percent of data processed: 81%Percent of data processed: 82%Percent of data processed: 83%Percent of data processed: 84%Percent of data processed: 85%Percent of data processed: 86%Percent of data processed: 87%Percent of data processed: 88%Percent of data processed: 89%Percent of data processed: 90%Percent of data processed: 91%Percent of data processed: 92%Percent of data processed: 93%Percent of data processed: 94%Percent of data processed: 95%Percent of data processed: 96%Percent of data processed: 97%Percent of data processed: 98%Percent of data processed: 99%
Ellapsed time: 5174.20025062561s
Clustering point clouds in file /mnt/analysis/e20009/a2091_Turi/Workspace/clouds/run_0044.h5 over events 0 to 46285
Percent of data processed: 1%Percent of data processed: 2%Percent of data processed: 3%Percent of data processed: 4%Percent of data processed: 5%Percent of data processed: 6%Percent of data processed: 7%Percent of data processed: 8%Percent of data processed: 9%Percent of data processed: 10%Percent of data processed: 11%Percent of data processed: 12%Percent of data processed: 13%Percent of data processed: 14%Percent of data processed: 15%Percent of data processed: 16%Percent of data processed: 17%Percent of data processed: 18%Percent of data processed: 19%Percent of data processed: 20%Percent of data processed: 21%Percent of data processed: 22%Percent of data processed: 23%Percent of data processed: 24%Percent of data processed: 25%Percent of data processed: 26%Percent of data processed: 27%Percent of data processed: 28%Percent of data processed: 28%Percent of data processed: 30%Percent of data processed: 31%Percent of data processed: 32%Percent of data processed: 33%Percent of data processed: 34%Percent of data processed: 35%Percent of data processed: 36%Percent of data processed: 37%Percent of data processed: 38%Percent of data processed: 39%Percent of data processed: 40%Percent of data processed: 41%Percent of data processed: 42%Percent of data processed: 43%Percent of data processed: 44%Percent of data processed: 45%Percent of data processed: 46%Percent of data processed: 47%Percent of data processed: 48%Percent of data processed: 49%Percent of data processed: 50%Percent of data processed: 51%Percent of data processed: 52%Percent of data processed: 53%Percent of data processed: 54%Percent of data processed: 55%Percent of data processed: 56%Percent of data processed: 57%Percent of data processed: 57%Percent of data processed: 59%Percent of data processed: 60%Percent of data processed: 61%Percent of data processed: 62%Percent of data processed: 63%Percent of data processed: 64%Percent of data processed: 65%Percent of data processed: 66%Percent of data processed: 67%Percent of data processed: 68%Percent of data processed: 69%Percent of data processed: 70%Percent of data processed: 71%Percent of data processed: 72%Percent of data processed: 73%Percent of data processed: 74%Percent of data processed: 75%Percent of data processed: 76%Percent of data processed: 77%Percent of data processed: 78%Percent of data processed: 79%Percent of data processed: 80%Percent of data processed: 81%Percent of data processed: 82%Percent of data processed: 83%Percent of data processed: 84%Percent of data processed: 85%Percent of data processed: 86%Percent of data processed: 87%Percent of data processed: 88%Percent of data processed: 89%Percent of data processed: 90%Percent of data processed: 91%Percent of data processed: 92%Percent of data processed: 93%Percent of data processed: 94%Percent of data processed: 95%Percent of data processed: 96%Percent of data processed: 97%Percent of data processed: 98%Percent of data processed: 99%
Processing complete. Duration: 1435.6755452156067s
Running physics estimation on clusters in /mnt/analysis/e20009/a2091_Turi/Workspace/clusters/run_0044.h5 over events 0 to 46285
Percent of data processed: 1%Percent of data processed: 2%Percent of data processed: 3%Percent of data processed: 4%Percent of data processed: 5%Percent of data processed: 6%Percent of data processed: 7%Percent of data processed: 8%Percent of data processed: 9%Percent of data processed: 10%Percent of data processed: 11%Percent of data processed: 12%Percent of data processed: 13%Percent of data processed: 14%Percent of data processed: 15%Percent of data processed: 16%Percent of data processed: 17%Percent of data processed: 18%Percent of data processed: 19%Percent of data processed: 20%Percent of data processed: 21%Percent of data processed: 22%Percent of data processed: 23%Percent of data processed: 24%Percent of data processed: 25%Percent of data processed: 26%Percent of data processed: 27%Percent of data processed: 28%Percent of data processed: 28%Percent of data processed: 30%Percent of data processed: 31%Percent of data processed: 32%Percent of data processed: 33%Percent of data processed: 34%Percent of data processed: 35%Percent of data processed: 36%Percent of data processed: 37%Percent of data processed: 38%Percent of data processed: 39%Percent of data processed: 40%Percent of data processed: 41%Percent of data processed: 42%Percent of data processed: 43%Percent of data processed: 44%Percent of data processed: 45%Percent of data processed: 46%Percent of data processed: 47%Percent of data processed: 48%Percent of data processed: 49%Percent of data processed: 50%Percent of data processed: 51%Percent of data processed: 52%Percent of data processed: 53%Percent of data processed: 54%Percent of data processed: 55%Percent of data processed: 56%Percent of data processed: 57%Percent of data processed: 57%Percent of data processed: 59%Percent of data processed: 60%Percent of data processed: 61%Percent of data processed: 62%Percent of data processed: 63%Percent of data processed: 64%Percent of data processed: 65%Percent of data processed: 66%Percent of data processed: 67%Percent of data processed: 68%Percent of data processed: 69%Percent of data processed: 70%Percent of data processed: 71%Percent of data processed: 72%Percent of data processed: 73%Percent of data processed: 74%Percent of data processed: 75%Percent of data processed: 76%Percent of data processed: 77%Percent of data processed: 78%Percent of data processed: 79%Percent of data processed: 80%Percent of data processed: 81%Percent of data processed: 82%Percent of data processed: 83%Percent of data processed: 84%Percent of data processed: 85%Percent of data processed: 86%Percent of data processed: 87%Percent of data processed: 88%Percent of data processed: 89%Percent of data processed: 90%Percent of data processed: 91%Percent of data processed: 92%Percent of data processed: 93%Percent of data processed: 94%Percent of data processed: 95%Percent of data processed: 96%Percent of data processed: 97%Percent of data processed: 98%Percent of data processed: 99%
Ellapsed time: 406.6378004550934s
multiprocessing.pool.RemoteTraceback: 
"""
Traceback (most recent call last):
  File "/user/turi/.conda/envs/spyral-env/lib/python3.11/multiprocessing/pool.py", line 125, in worker
    result = (True, func(*args, **kwds))
                    ^^^^^^^^^^^^^^^^^^^
  File "/user/turi/.conda/envs/spyral-env/lib/python3.11/multiprocessing/pool.py", line 48, in mapstar
    return list(map(*args))
           ^^^^^^^^^^^^^^^^
  File "/user/turi/Spyral/spyral/run.py", line 25, in analyze_runs
    phase_2(idx, ws, config.cluster)
  File "/user/turi/Spyral/spyral/phase_2.py", line 60, in phase_2
    cluster_event_group.attrs['ic_amplitude'] = cloud_data.attrs['ic_amplitude']
                                                ~~~~~~~~~~~~~~~~^^^^^^^^^^^^^^^^
  File "h5py/_objects.pyx", line 54, in h5py._objects.with_phil.wrapper
  File "h5py/_objects.pyx", line 55, in h5py._objects.with_phil.wrapper
  File "/user/turi/.conda/envs/spyral-env/lib/python3.11/site-packages/h5py/_hl/attrs.py", line 56, in __getitem__
    attr = h5a.open(self._id, self._e(name))
           ^^^^^^^^^^^^^^^^^^^^^^^^^^^^^^^^^
  File "h5py/_objects.pyx", line 54, in h5py._objects.with_phil.wrapper
  File "h5py/_objects.pyx", line 55, in h5py._objects.with_phil.wrapper
  File "h5py/h5a.pyx", line 80, in h5py.h5a.open
KeyError: "Can't open attribute (can't locate attribute: 'ic_amplitude')"
"""

The above exception was the direct cause of the following exception:

Traceback (most recent call last):
  File "/user/turi/Spyral/main.py", line 14, in <module>
    main(sys.argv[1])
  File "/user/turi/Spyral/main.py", line 8, in main
    run_spyral(config)
  File "/user/turi/Spyral/spyral/run.py", line 41, in run_spyral
    p.map(partial(analyze_runs, config = config), run_ranges)
  File "/user/turi/.conda/envs/spyral-env/lib/python3.11/multiprocessing/pool.py", line 367, in map
    return self._map_async(func, iterable, mapstar, chunksize).get()
           ^^^^^^^^^^^^^^^^^^^^^^^^^^^^^^^^^^^^^^^^^^^^^^^^^^^^^^^^^
  File "/user/turi/.conda/envs/spyral-env/lib/python3.11/multiprocessing/pool.py", line 774, in get
    raise self._value
KeyError: "Can't open attribute (can't locate attribute: 'ic_amplitude')"
